<?xml version="1.0" encoding="UTF-8"?>
<!-- Generated by org.testng.reporters.JUnitReportReporter -->
<testsuite hostname="DESKTOP-H5F964P" failures="0" tests="1" name="com.bangladesh.TestRunner.TestRunner_BD" time="4.538" errors="0" timestamp="2024-01-25T19:20:57 CST" skipped="0">
  <testcase classname="com.bangladesh.TestRunner.TestRunner_BD" name="feature" time="4.538"/>
  <system-out/>
</testsuite> <!-- com.bangladesh.TestRunner.TestRunner_BD -->
